<?xml version="1.0" encoding="UTF-8"?>
<testng-results ignored="0" total="3" passed="3" failed="0" skipped="0">
  <reporter-output>
  </reporter-output>
  <suite started-at="2022-07-04T21:23:33 BST" name="MySuite" finished-at="2022-07-04T21:24:04 BST" duration-ms="31601">
    <groups>
    </groups>
    <test started-at="2022-07-04T21:23:33 BST" name="MyTest" finished-at="2022-07-04T21:24:04 BST" duration-ms="31601">
      <class name="SearchPage">
        <test-method signature="secondSearch(java.lang.String)[pri:0, instance:SearchPage@21de60b4]" started-at="2022-07-04T21:23:33 BST" name="secondSearch" finished-at="2022-07-04T21:24:04 BST" duration-ms="31396" status="PASS">
          <params>
            <param index="0">
              <value>
                <![CDATA[Liverpool]]>
              </value>
            </param>
          </params>
          <reporter-output>
          </reporter-output>
        </test-method> <!-- secondSearch -->
        <test-method signature="firstSearch(java.lang.String)[pri:0, instance:SearchPage@21de60b4]" started-at="2022-07-04T21:23:33 BST" name="firstSearch" finished-at="2022-07-04T21:24:04 BST" duration-ms="31304" status="PASS">
          <params>
            <param index="0">
              <value>
                <![CDATA[Reading]]>
              </value>
            </param>
          </params>
          <reporter-output>
          </reporter-output>
        </test-method> <!-- firstSearch -->
        <test-method signature="thirdSearch(java.lang.String)[pri:0, instance:SearchPage@21de60b4]" started-at="2022-07-04T21:23:33 BST" name="thirdSearch" finished-at="2022-07-04T21:24:04 BST" duration-ms="31549" status="PASS">
          <params>
            <param index="0">
              <value>
                <![CDATA[Manchester]]>
              </value>
            </param>
          </params>
          <reporter-output>
          </reporter-output>
        </test-method> <!-- thirdSearch -->
        <test-method is-config="true" signature="comparePrices()[pri:0, instance:SearchPage@21de60b4]" started-at="2022-07-04T21:24:04 BST" name="comparePrices" finished-at="2022-07-04T21:24:04 BST" duration-ms="2" status="PASS">
          <reporter-output>
          </reporter-output>
        </test-method> <!-- comparePrices -->
      </class> <!-- SearchPage -->
    </test> <!-- MyTest -->
  </suite> <!-- MySuite -->
</testng-results>
