<?xml version="1.0" encoding="UTF-8"?>
<testng-results ignored="0" total="3" passed="3" failed="0" skipped="0">
  <reporter-output>
  </reporter-output>
  <suite started-at="2022-07-03T20:59:28 BST" name="All Test Suite" finished-at="2022-07-03T21:00:15 BST" duration-ms="46920">
    <groups>
    </groups>
    <test started-at="2022-07-03T20:59:28 BST" name="Assignment" finished-at="2022-07-03T21:00:15 BST" duration-ms="46920">
      <class name="Assignment">
        <test-method signature="secondSearch(java.lang.String,java.lang.String,java.lang.String)[pri:0, instance:Assignment@2892d68]" started-at="2022-07-03T20:59:29 BST" name="secondSearch" finished-at="2022-07-03T21:00:15 BST" duration-ms="46029" status="PASS">
          <params>
            <param index="0">
              <value>
                <![CDATA[https://www.premierinn.com/gb/en/home.html]]>
              </value>
            </param>
            <param index="1">
              <value>
                <![CDATA[Chrome]]>
              </value>
            </param>
            <param index="2">
              <value>
                <![CDATA[Birmingham]]>
              </value>
            </param>
          </params>
          <reporter-output>
          </reporter-output>
        </test-method> <!-- secondSearch -->
        <test-method signature="thirdSearch(java.lang.String,java.lang.String,java.lang.String)[pri:0, instance:Assignment@2892d68]" started-at="2022-07-03T20:59:29 BST" name="thirdSearch" finished-at="2022-07-03T21:00:15 BST" duration-ms="46500" status="PASS">
          <params>
            <param index="0">
              <value>
                <![CDATA[https://www.premierinn.com/gb/en/home.html]]>
              </value>
            </param>
            <param index="1">
              <value>
                <![CDATA[Chrome]]>
              </value>
            </param>
            <param index="2">
              <value>
                <![CDATA[Glasglow]]>
              </value>
            </param>
          </params>
          <reporter-output>
          </reporter-output>
        </test-method> <!-- thirdSearch -->
        <test-method signature="firstSearch(java.lang.String,java.lang.String,java.lang.String)[pri:0, instance:Assignment@2892d68]" started-at="2022-07-03T20:59:29 BST" name="firstSearch" finished-at="2022-07-03T21:00:15 BST" duration-ms="46833" status="PASS">
          <params>
            <param index="0">
              <value>
                <![CDATA[https://www.premierinn.com/gb/en/home.html]]>
              </value>
            </param>
            <param index="1">
              <value>
                <![CDATA[Chrome]]>
              </value>
            </param>
            <param index="2">
              <value>
                <![CDATA[Oxford]]>
              </value>
            </param>
          </params>
          <reporter-output>
          </reporter-output>
        </test-method> <!-- firstSearch -->
        <test-method is-config="true" signature="comparePrices()[pri:0, instance:Assignment@2892d68]" started-at="2022-07-03T21:00:15 BST" name="comparePrices" finished-at="2022-07-03T21:00:15 BST" duration-ms="5" status="PASS">
          <reporter-output>
          </reporter-output>
        </test-method> <!-- comparePrices -->
      </class> <!-- Assignment -->
    </test> <!-- Assignment -->
  </suite> <!-- All Test Suite -->
</testng-results>
